<?xml version="1.0" encoding="UTF-8"?>
<testng-results skipped="12" failed="0" total="12" passed="0">
  <reporter-output>
  </reporter-output>
  <suite name="Default suite" duration-ms="11366" started-at="2019-07-08T15:50:42Z" finished-at="2019-07-08T15:50:53Z">
    <groups>
    </groups>
    <test name="Default test" duration-ms="11366" started-at="2019-07-08T15:50:42Z" finished-at="2019-07-08T15:50:53Z">
      <class name="com.blablacar.qa.testcases.FooterPageTest">
        <test-method status="FAIL" signature="Setup()[pri:0, instance:com.blablacar.qa.testcases.FooterPageTest@59a6e353]" name="Setup" is-config="true" duration-ms="0" started-at="2019-07-08T21:20:42Z" finished-at="2019-07-08T21:20:42Z">
          <exception class="org.openqa.selenium.WebDriverException">
            <message>
              <![CDATA[Failed to decode response from marionette
Build info: version: '3.5.2', revision: '10229a9', time: '2017-08-21T17:29:55.15Z'
System info: host: 'LAPTOP-RBK62AVK', ip: '192.168.0.101', os.name: 'Windows 10', os.arch: 'amd64', os.version: '10.0', java.version: '1.8.0_161'
Driver info: org.openqa.selenium.firefox.FirefoxDriver
Capabilities [{moz:profile=C:\Users\imRajesh\AppData\Local\Temp\rust_mozprofile.2XUC5NHwoy9P, rotatable=false, timeouts={implicit=0, pageLoad=300000, script=30000}, pageLoadStrategy=normal, platform=ANY, specificationLevel=0, moz:accessibilityChecks=false, acceptInsecureCerts=false, browserVersion=53.0.3, platformVersion=10.0, moz:processID=11204, browserName=firefox, javascriptEnabled=true, platformName=windows_nt}]
Session ID: 85d98cd6-8c80-4e16-8691-2ba0cd25275b]]>
            </message>
            <full-stacktrace>
              <![CDATA[org.openqa.selenium.WebDriverException: Failed to decode response from marionette
Build info: version: '3.5.2', revision: '10229a9', time: '2017-08-21T17:29:55.15Z'
System info: host: 'LAPTOP-RBK62AVK', ip: '192.168.0.101', os.name: 'Windows 10', os.arch: 'amd64', os.version: '10.0', java.version: '1.8.0_161'
Driver info: org.openqa.selenium.firefox.FirefoxDriver
Capabilities [{moz:profile=C:\Users\imRajesh\AppData\Local\Temp\rust_mozprofile.2XUC5NHwoy9P, rotatable=false, timeouts={implicit=0, pageLoad=300000, script=30000}, pageLoadStrategy=normal, platform=ANY, specificationLevel=0, moz:accessibilityChecks=false, acceptInsecureCerts=false, browserVersion=53.0.3, platformVersion=10.0, moz:processID=11204, browserName=firefox, javascriptEnabled=true, platformName=windows_nt}]
Session ID: 85d98cd6-8c80-4e16-8691-2ba0cd25275b
	at sun.reflect.NativeConstructorAccessorImpl.newInstance0(Native Method)
	at sun.reflect.NativeConstructorAccessorImpl.newInstance(Unknown Source)
	at sun.reflect.DelegatingConstructorAccessorImpl.newInstance(Unknown Source)
	at java.lang.reflect.Constructor.newInstance(Unknown Source)
	at org.openqa.selenium.remote.http.W3CHttpResponseCodec.createException(W3CHttpResponseCodec.java:185)
	at org.openqa.selenium.remote.http.W3CHttpResponseCodec.decode(W3CHttpResponseCodec.java:120)
	at org.openqa.selenium.remote.http.W3CHttpResponseCodec.decode(W3CHttpResponseCodec.java:49)
	at org.openqa.selenium.remote.HttpCommandExecutor.execute(HttpCommandExecutor.java:164)
	at org.openqa.selenium.remote.service.DriverCommandExecutor.execute(DriverCommandExecutor.java:82)
	at org.openqa.selenium.remote.RemoteWebDriver.execute(RemoteWebDriver.java:641)
	at org.openqa.selenium.remote.RemoteWebDriver.get(RemoteWebDriver.java:368)
	at com.blablacar.qa.base.TestBase.Initialization(TestBase.java:59)
	at com.blablacar.qa.testcases.FooterPageTest.Setup(FooterPageTest.java:27)
	at sun.reflect.NativeMethodAccessorImpl.invoke0(Native Method)
	at sun.reflect.NativeMethodAccessorImpl.invoke(Unknown Source)
	at sun.reflect.DelegatingMethodAccessorImpl.invoke(Unknown Source)
	at java.lang.reflect.Method.invoke(Unknown Source)
	at org.testng.internal.MethodInvocationHelper.invokeMethod(MethodInvocationHelper.java:86)
	at org.testng.internal.Invoker.invokeConfigurationMethod(Invoker.java:514)
	at org.testng.internal.Invoker.invokeConfigurations(Invoker.java:215)
	at org.testng.internal.Invoker.invokeMethod(Invoker.java:589)
	at org.testng.internal.Invoker.invokeTestMethod(Invoker.java:822)
	at org.testng.internal.Invoker.invokeTestMethods(Invoker.java:1130)
	at org.testng.internal.TestMethodWorker.invokeTestMethods(TestMethodWorker.java:129)
	at org.testng.internal.TestMethodWorker.run(TestMethodWorker.java:112)
	at org.testng.TestRunner.privateRun(TestRunner.java:782)
	at org.testng.TestRunner.run(TestRunner.java:632)
	at org.testng.SuiteRunner.runTest(SuiteRunner.java:366)
	at org.testng.SuiteRunner.runSequentially(SuiteRunner.java:361)
	at org.testng.SuiteRunner.privateRun(SuiteRunner.java:319)
	at org.testng.SuiteRunner.run(SuiteRunner.java:268)
	at org.testng.SuiteRunnerWorker.runSuite(SuiteRunnerWorker.java:52)
	at org.testng.SuiteRunnerWorker.run(SuiteRunnerWorker.java:86)
	at org.testng.TestNG.runSuitesSequentially(TestNG.java:1244)
	at org.testng.TestNG.runSuitesLocally(TestNG.java:1169)
	at org.testng.TestNG.run(TestNG.java:1064)
	at org.testng.remote.RemoteTestNG.run(RemoteTestNG.java:113)
	at org.testng.remote.RemoteTestNG.initAndRun(RemoteTestNG.java:206)
	at org.testng.remote.RemoteTestNG.main(RemoteTestNG.java:177)
]]>
            </full-stacktrace>
          </exception> <!-- org.openqa.selenium.WebDriverException -->
          <reporter-output>
          </reporter-output>
        </test-method> <!-- Setup -->
        <test-method status="SKIP" signature="ValidateAboutUsLinkTest()[pri:0, instance:com.blablacar.qa.testcases.FooterPageTest@59a6e353]" name="ValidateAboutUsLinkTest" duration-ms="2" started-at="2019-07-08T21:20:53Z" finished-at="2019-07-08T21:20:53Z">
          <reporter-output>
          </reporter-output>
        </test-method> <!-- ValidateAboutUsLinkTest -->
        <test-method status="SKIP" signature="Setup()[pri:0, instance:com.blablacar.qa.testcases.FooterPageTest@59a6e353]" name="Setup" is-config="true" duration-ms="0" started-at="2019-07-08T21:20:53Z" finished-at="2019-07-08T21:20:53Z">
          <reporter-output>
          </reporter-output>
        </test-method> <!-- Setup -->
        <test-method status="SKIP" signature="ValidateContactLinkTest()[pri:0, instance:com.blablacar.qa.testcases.FooterPageTest@59a6e353]" name="ValidateContactLinkTest" duration-ms="0" started-at="2019-07-08T21:20:53Z" finished-at="2019-07-08T21:20:53Z">
          <reporter-output>
          </reporter-output>
        </test-method> <!-- ValidateContactLinkTest -->
        <test-method status="SKIP" signature="Setup()[pri:0, instance:com.blablacar.qa.testcases.FooterPageTest@59a6e353]" name="Setup" is-config="true" duration-ms="0" started-at="2019-07-08T21:20:53Z" finished-at="2019-07-08T21:20:53Z">
          <reporter-output>
          </reporter-output>
        </test-method> <!-- Setup -->
        <test-method status="SKIP" signature="ValidateFAQsLinkTest()[pri:0, instance:com.blablacar.qa.testcases.FooterPageTest@59a6e353]" name="ValidateFAQsLinkTest" duration-ms="1" started-at="2019-07-08T21:20:53Z" finished-at="2019-07-08T21:20:53Z">
          <reporter-output>
          </reporter-output>
        </test-method> <!-- ValidateFAQsLinkTest -->
        <test-method status="SKIP" signature="ValidateFacebookLinkTest()[pri:0, instance:com.blablacar.qa.testcases.FooterPageTest@59a6e353]" name="ValidateFacebookLinkTest" duration-ms="1" started-at="2019-07-08T21:20:53Z" finished-at="2019-07-08T21:20:53Z">
          <reporter-output>
          </reporter-output>
        </test-method> <!-- ValidateFacebookLinkTest -->
        <test-method status="SKIP" signature="Setup()[pri:0, instance:com.blablacar.qa.testcases.FooterPageTest@59a6e353]" name="Setup" is-config="true" duration-ms="0" started-at="2019-07-08T21:20:53Z" finished-at="2019-07-08T21:20:53Z">
          <reporter-output>
          </reporter-output>
        </test-method> <!-- Setup -->
        <test-method status="SKIP" signature="Setup()[pri:0, instance:com.blablacar.qa.testcases.FooterPageTest@59a6e353]" name="Setup" is-config="true" duration-ms="0" started-at="2019-07-08T21:20:53Z" finished-at="2019-07-08T21:20:53Z">
          <reporter-output>
          </reporter-output>
        </test-method> <!-- Setup -->
        <test-method status="SKIP" signature="ValidateFindOutMoreLinkTest()[pri:0, instance:com.blablacar.qa.testcases.FooterPageTest@59a6e353]" name="ValidateFindOutMoreLinkTest" duration-ms="0" started-at="2019-07-08T21:20:53Z" finished-at="2019-07-08T21:20:53Z">
          <reporter-output>
          </reporter-output>
        </test-method> <!-- ValidateFindOutMoreLinkTest -->
        <test-method status="SKIP" signature="Setup()[pri:0, instance:com.blablacar.qa.testcases.FooterPageTest@59a6e353]" name="Setup" is-config="true" duration-ms="0" started-at="2019-07-08T21:20:53Z" finished-at="2019-07-08T21:20:53Z">
          <reporter-output>
          </reporter-output>
        </test-method> <!-- Setup -->
        <test-method status="SKIP" signature="ValidateHowItWorksLinkTest()[pri:0, instance:com.blablacar.qa.testcases.FooterPageTest@59a6e353]" name="ValidateHowItWorksLinkTest" duration-ms="0" started-at="2019-07-08T21:20:53Z" finished-at="2019-07-08T21:20:53Z">
          <reporter-output>
          </reporter-output>
        </test-method> <!-- ValidateHowItWorksLinkTest -->
        <test-method status="SKIP" signature="ValidateInstagramLinkTest()[pri:0, instance:com.blablacar.qa.testcases.FooterPageTest@59a6e353]" name="ValidateInstagramLinkTest" duration-ms="0" started-at="2019-07-08T21:20:53Z" finished-at="2019-07-08T21:20:53Z">
          <reporter-output>
          </reporter-output>
        </test-method> <!-- ValidateInstagramLinkTest -->
        <test-method status="SKIP" signature="Setup()[pri:0, instance:com.blablacar.qa.testcases.FooterPageTest@59a6e353]" name="Setup" is-config="true" duration-ms="0" started-at="2019-07-08T21:20:53Z" finished-at="2019-07-08T21:20:53Z">
          <reporter-output>
          </reporter-output>
        </test-method> <!-- Setup -->
        <test-method status="SKIP" signature="ValidatePressLinkTest()[pri:0, instance:com.blablacar.qa.testcases.FooterPageTest@59a6e353]" name="ValidatePressLinkTest" duration-ms="0" started-at="2019-07-08T21:20:53Z" finished-at="2019-07-08T21:20:53Z">
          <reporter-output>
          </reporter-output>
        </test-method> <!-- ValidatePressLinkTest -->
        <test-method status="SKIP" signature="Setup()[pri:0, instance:com.blablacar.qa.testcases.FooterPageTest@59a6e353]" name="Setup" is-config="true" duration-ms="0" started-at="2019-07-08T21:20:53Z" finished-at="2019-07-08T21:20:53Z">
          <reporter-output>
          </reporter-output>
        </test-method> <!-- Setup -->
        <test-method status="SKIP" signature="ValidateTermsAndConditionsLinkTest()[pri:0, instance:com.blablacar.qa.testcases.FooterPageTest@59a6e353]" name="ValidateTermsAndConditionsLinkTest" duration-ms="1" started-at="2019-07-08T21:20:53Z" finished-at="2019-07-08T21:20:53Z">
          <reporter-output>
          </reporter-output>
        </test-method> <!-- ValidateTermsAndConditionsLinkTest -->
        <test-method status="SKIP" signature="Setup()[pri:0, instance:com.blablacar.qa.testcases.FooterPageTest@59a6e353]" name="Setup" is-config="true" duration-ms="0" started-at="2019-07-08T21:20:53Z" finished-at="2019-07-08T21:20:53Z">
          <reporter-output>
          </reporter-output>
        </test-method> <!-- Setup -->
        <test-method status="SKIP" signature="Setup()[pri:0, instance:com.blablacar.qa.testcases.FooterPageTest@59a6e353]" name="Setup" is-config="true" duration-ms="0" started-at="2019-07-08T21:20:53Z" finished-at="2019-07-08T21:20:53Z">
          <reporter-output>
          </reporter-output>
        </test-method> <!-- Setup -->
        <test-method status="SKIP" signature="ValidateTwitterLinkTest()[pri:0, instance:com.blablacar.qa.testcases.FooterPageTest@59a6e353]" name="ValidateTwitterLinkTest" duration-ms="0" started-at="2019-07-08T21:20:53Z" finished-at="2019-07-08T21:20:53Z">
          <reporter-output>
          </reporter-output>
        </test-method> <!-- ValidateTwitterLinkTest -->
        <test-method status="SKIP" signature="Setup()[pri:0, instance:com.blablacar.qa.testcases.FooterPageTest@59a6e353]" name="Setup" is-config="true" duration-ms="0" started-at="2019-07-08T21:20:53Z" finished-at="2019-07-08T21:20:53Z">
          <reporter-output>
          </reporter-output>
        </test-method> <!-- Setup -->
        <test-method status="SKIP" signature="ValidateWeAreHiringLinkTest()[pri:0, instance:com.blablacar.qa.testcases.FooterPageTest@59a6e353]" name="ValidateWeAreHiringLinkTest" duration-ms="1" started-at="2019-07-08T21:20:53Z" finished-at="2019-07-08T21:20:53Z">
          <reporter-output>
          </reporter-output>
        </test-method> <!-- ValidateWeAreHiringLinkTest -->
        <test-method status="SKIP" signature="Setup()[pri:0, instance:com.blablacar.qa.testcases.FooterPageTest@59a6e353]" name="Setup" is-config="true" duration-ms="0" started-at="2019-07-08T21:20:53Z" finished-at="2019-07-08T21:20:53Z">
          <reporter-output>
          </reporter-output>
        </test-method> <!-- Setup -->
        <test-method status="SKIP" signature="ValidateYoutubeLinkTest()[pri:0, instance:com.blablacar.qa.testcases.FooterPageTest@59a6e353]" name="ValidateYoutubeLinkTest" duration-ms="0" started-at="2019-07-08T21:20:53Z" finished-at="2019-07-08T21:20:53Z">
          <reporter-output>
          </reporter-output>
        </test-method> <!-- ValidateYoutubeLinkTest -->
      </class> <!-- com.blablacar.qa.testcases.FooterPageTest -->
    </test> <!-- Default test -->
  </suite> <!-- Default suite -->
</testng-results>
